Determining if the pthread_create exist failed with the following output:
Change Dir: /home/maruba/Documents/AEDA/Exercises/aeda1920_fp03/cmake-build-debug/CMakeFiles/CMakeTmp

Run Build Command(s):/usr/bin/make cmTC_86f86/fast 
/usr/bin/make -f CMakeFiles/cmTC_86f86.dir/build.make CMakeFiles/cmTC_86f86.dir/build
make[1]: Entering directory '/home/maruba/Documents/AEDA/Exercises/aeda1920_fp03/cmake-build-debug/CMakeFiles/CMakeTmp'
Building C object CMakeFiles/cmTC_86f86.dir/CheckSymbolExists.c.o
/usr/bin/cc    -o CMakeFiles/cmTC_86f86.dir/CheckSymbolExists.c.o   -c /home/maruba/Documents/AEDA/Exercises/aeda1920_fp03/cmake-build-debug/CMakeFiles/CMakeTmp/CheckSymbolExists.c
Linking C executable cmTC_86f86
/home/maruba/.local/share/JetBrains/Toolbox/apps/CLion/ch-0/192.6262.62/bin/cmake/linux/bin/cmake -E cmake_link_script CMakeFiles/cmTC_86f86.dir/link.txt --verbose=1
/usr/bin/cc      -rdynamic CMakeFiles/cmTC_86f86.dir/CheckSymbolExists.c.o  -o cmTC_86f86 
/usr/bin/ld: CMakeFiles/cmTC_86f86.dir/CheckSymbolExists.c.o: in function `main':
CheckSymbolExists.c:(.text+0x1b): undefined reference to `pthread_create'
collect2: error: ld returned 1 exit status
make[1]: *** [CMakeFiles/cmTC_86f86.dir/build.make:87: cmTC_86f86] Error 1
make[1]: Leaving directory '/home/maruba/Documents/AEDA/Exercises/aeda1920_fp03/cmake-build-debug/CMakeFiles/CMakeTmp'
make: *** [Makefile:121: cmTC_86f86/fast] Error 2

File /home/maruba/Documents/AEDA/Exercises/aeda1920_fp03/cmake-build-debug/CMakeFiles/CMakeTmp/CheckSymbolExists.c:
/* */
#include <pthread.h>

int main(int argc, char** argv)
{
  (void)argv;
#ifndef pthread_create
  return ((int*)(&pthread_create))[argc];
#else
  (void)argc;
  return 0;
#endif
}

Determining if the function pthread_create exists in the pthreads failed with the following output:
Change Dir: /home/maruba/Documents/AEDA/Exercises/aeda1920_fp03/cmake-build-debug/CMakeFiles/CMakeTmp

Run Build Command(s):/usr/bin/make cmTC_97328/fast 
/usr/bin/make -f CMakeFiles/cmTC_97328.dir/build.make CMakeFiles/cmTC_97328.dir/build
make[1]: Entering directory '/home/maruba/Documents/AEDA/Exercises/aeda1920_fp03/cmake-build-debug/CMakeFiles/CMakeTmp'
Building C object CMakeFiles/cmTC_97328.dir/CheckFunctionExists.c.o
/usr/bin/cc   -DCHECK_FUNCTION_EXISTS=pthread_create   -o CMakeFiles/cmTC_97328.dir/CheckFunctionExists.c.o   -c /home/maruba/.local/share/JetBrains/Toolbox/apps/CLion/ch-0/192.6262.62/bin/cmake/linux/share/cmake-3.14/Modules/CheckFunctionExists.c
Linking C executable cmTC_97328
/home/maruba/.local/share/JetBrains/Toolbox/apps/CLion/ch-0/192.6262.62/bin/cmake/linux/bin/cmake -E cmake_link_script CMakeFiles/cmTC_97328.dir/link.txt --verbose=1
/usr/bin/cc  -DCHECK_FUNCTION_EXISTS=pthread_create    -rdynamic CMakeFiles/cmTC_97328.dir/CheckFunctionExists.c.o  -o cmTC_97328 -lpthreads 
/usr/bin/ld: cannot find -lpthreads
collect2: error: ld returned 1 exit status
make[1]: *** [CMakeFiles/cmTC_97328.dir/build.make:87: cmTC_97328] Error 1
make[1]: Leaving directory '/home/maruba/Documents/AEDA/Exercises/aeda1920_fp03/cmake-build-debug/CMakeFiles/CMakeTmp'
make: *** [Makefile:121: cmTC_97328/fast] Error 2


