Performing C SOURCE FILE Test CMAKE_HAVE_LIBC_PTHREAD failed with the following output:
Change Dir: /home/maruba/Documents/AEDA/Exercises/aeda1920_fp05/cmake-build-debug/CMakeFiles/CMakeTmp

Run Build Command(s):/usr/bin/make cmTC_d9d67/fast && /usr/bin/make -f CMakeFiles/cmTC_d9d67.dir/build.make CMakeFiles/cmTC_d9d67.dir/build
make[1]: Entering directory '/home/maruba/Documents/AEDA/Exercises/aeda1920_fp05/cmake-build-debug/CMakeFiles/CMakeTmp'
Building C object CMakeFiles/cmTC_d9d67.dir/src.c.o
/usr/bin/cc   -DCMAKE_HAVE_LIBC_PTHREAD   -o CMakeFiles/cmTC_d9d67.dir/src.c.o   -c /home/maruba/Documents/AEDA/Exercises/aeda1920_fp05/cmake-build-debug/CMakeFiles/CMakeTmp/src.c
Linking C executable cmTC_d9d67
/home/maruba/.local/share/JetBrains/Toolbox/apps/CLion/ch-0/192.6817.32/bin/cmake/linux/bin/cmake -E cmake_link_script CMakeFiles/cmTC_d9d67.dir/link.txt --verbose=1
/usr/bin/cc  -DCMAKE_HAVE_LIBC_PTHREAD    -rdynamic CMakeFiles/cmTC_d9d67.dir/src.c.o  -o cmTC_d9d67 
/usr/bin/ld: CMakeFiles/cmTC_d9d67.dir/src.c.o: in function `main':
src.c:(.text+0x3e): undefined reference to `pthread_create'
/usr/bin/ld: src.c:(.text+0x4a): undefined reference to `pthread_detach'
/usr/bin/ld: src.c:(.text+0x5b): undefined reference to `pthread_join'
collect2: error: ld returned 1 exit status
make[1]: *** [CMakeFiles/cmTC_d9d67.dir/build.make:87: cmTC_d9d67] Error 1
make[1]: Leaving directory '/home/maruba/Documents/AEDA/Exercises/aeda1920_fp05/cmake-build-debug/CMakeFiles/CMakeTmp'
make: *** [Makefile:121: cmTC_d9d67/fast] Error 2


Source file was:
#include <pthread.h>

void* test_func(void* data)
{
  return data;
}

int main(void)
{
  pthread_t thread;
  pthread_create(&thread, NULL, test_func, NULL);
  pthread_detach(thread);
  pthread_join(thread, NULL);
  pthread_atfork(NULL, NULL, NULL);
  pthread_exit(NULL);

  return 0;
}

Determining if the function pthread_create exists in the pthreads failed with the following output:
Change Dir: /home/maruba/Documents/AEDA/Exercises/aeda1920_fp05/cmake-build-debug/CMakeFiles/CMakeTmp

Run Build Command(s):/usr/bin/make cmTC_9d7b7/fast && /usr/bin/make -f CMakeFiles/cmTC_9d7b7.dir/build.make CMakeFiles/cmTC_9d7b7.dir/build
make[1]: Entering directory '/home/maruba/Documents/AEDA/Exercises/aeda1920_fp05/cmake-build-debug/CMakeFiles/CMakeTmp'
Building C object CMakeFiles/cmTC_9d7b7.dir/CheckFunctionExists.c.o
/usr/bin/cc   -DCHECK_FUNCTION_EXISTS=pthread_create   -o CMakeFiles/cmTC_9d7b7.dir/CheckFunctionExists.c.o   -c /home/maruba/.local/share/JetBrains/Toolbox/apps/CLion/ch-0/192.6817.32/bin/cmake/linux/share/cmake-3.15/Modules/CheckFunctionExists.c
Linking C executable cmTC_9d7b7
/home/maruba/.local/share/JetBrains/Toolbox/apps/CLion/ch-0/192.6817.32/bin/cmake/linux/bin/cmake -E cmake_link_script CMakeFiles/cmTC_9d7b7.dir/link.txt --verbose=1
/usr/bin/cc  -DCHECK_FUNCTION_EXISTS=pthread_create    -rdynamic CMakeFiles/cmTC_9d7b7.dir/CheckFunctionExists.c.o  -o cmTC_9d7b7 -lpthreads 
/usr/bin/ld: cannot find -lpthreads
collect2: error: ld returned 1 exit status
make[1]: *** [CMakeFiles/cmTC_9d7b7.dir/build.make:87: cmTC_9d7b7] Error 1
make[1]: Leaving directory '/home/maruba/Documents/AEDA/Exercises/aeda1920_fp05/cmake-build-debug/CMakeFiles/CMakeTmp'
make: *** [Makefile:121: cmTC_9d7b7/fast] Error 2



